2025-01-10T11:00:20.448+05:30  INFO 1404 --- [todo-management-application] [restartedMain] i.v.s.web.TodoManagementApplication      : Starting TodoManagementApplication using Java 22.0.1 with PID 1404 (D:\SurajSirAdvanceJava\todo-management-application\todo-management-application\target\classes started by CHARAN TEJ in D:\SurajSirAdvanceJava\todo-management-application\todo-management-application)
2025-01-10T11:00:20.472+05:30 DEBUG 1404 --- [todo-management-application] [restartedMain] i.v.s.web.TodoManagementApplication      : Running with Spring Boot v3.3.7, Spring v6.1.16
2025-01-10T11:00:20.474+05:30  INFO 1404 --- [todo-management-application] [restartedMain] i.v.s.web.TodoManagementApplication      : No active profile set, falling back to 1 default profile: "default"
2025-01-10T11:00:20.567+05:30  INFO 1404 --- [todo-management-application] [restartedMain] .e.DevToolsPropertyDefaultsPostProcessor : Devtools property defaults active! Set 'spring.devtools.add-properties' to 'false' to disable
2025-01-10T11:00:20.567+05:30  INFO 1404 --- [todo-management-application] [restartedMain] .e.DevToolsPropertyDefaultsPostProcessor : For additional web related logging consider setting the 'logging.level.web' property to 'DEBUG'
2025-01-10T11:00:22.405+05:30  INFO 1404 --- [todo-management-application] [restartedMain] o.s.b.w.embedded.tomcat.TomcatWebServer  : Tomcat initialized with port 8081 (http)
2025-01-10T11:00:22.433+05:30  INFO 1404 --- [todo-management-application] [restartedMain] o.apache.catalina.core.StandardService   : Starting service [Tomcat]
2025-01-10T11:00:22.433+05:30  INFO 1404 --- [todo-management-application] [restartedMain] o.apache.catalina.core.StandardEngine    : Starting Servlet engine: [Apache Tomcat/10.1.34]
2025-01-10T11:00:22.766+05:30  INFO 1404 --- [todo-management-application] [restartedMain] org.apache.jasper.servlet.TldScanner     : At least one JAR was scanned for TLDs yet contained no TLDs. Enable debug logging for this logger for a complete list of JARs that were scanned but no TLDs were found in them. Skipping unneeded JARs during scanning can improve startup time and JSP compilation time.
2025-01-10T11:00:22.779+05:30  INFO 1404 --- [todo-management-application] [restartedMain] o.a.c.c.C.[Tomcat].[localhost].[/]       : Initializing Spring embedded WebApplicationContext
2025-01-10T11:00:22.780+05:30  INFO 1404 --- [todo-management-application] [restartedMain] w.s.c.ServletWebServerApplicationContext : Root WebApplicationContext: initialization completed in 2212 ms
2025-01-10T11:00:23.531+05:30  INFO 1404 --- [todo-management-application] [restartedMain] o.s.b.d.a.OptionalLiveReloadServer       : LiveReload server is running on port 35729
2025-01-10T11:00:23.546+05:30  INFO 1404 --- [todo-management-application] [restartedMain] o.s.b.a.e.web.EndpointLinksResolver      : Exposing 1 endpoint beneath base path '/actuator'
2025-01-10T11:00:23.676+05:30  INFO 1404 --- [todo-management-application] [restartedMain] o.s.b.w.embedded.tomcat.TomcatWebServer  : Tomcat started on port 8081 (http) with context path '/'
2025-01-10T11:00:23.695+05:30  INFO 1404 --- [todo-management-application] [restartedMain] i.v.s.web.TodoManagementApplication      : Started TodoManagementApplication in 3.912 seconds (process running for 4.494)
2025-01-10T11:01:40.704+05:30  INFO 1404 --- [todo-management-application] [http-nio-8081-exec-1] o.a.c.c.C.[Tomcat].[localhost].[/]       : Initializing Spring DispatcherServlet 'dispatcherServlet'
2025-01-10T11:01:40.706+05:30  INFO 1404 --- [todo-management-application] [http-nio-8081-exec-1] o.s.web.servlet.DispatcherServlet        : Initializing Servlet 'dispatcherServlet'
2025-01-10T11:01:40.712+05:30  INFO 1404 --- [todo-management-application] [http-nio-8081-exec-1] o.s.web.servlet.DispatcherServlet        : Completed initialization in 4 ms
2025-01-10T11:05:53.650+05:30  INFO 1404 --- [todo-management-application] [File Watcher] rtingClassPathChangeChangedEventListener : Restarting due to 1 class path change (0 additions, 0 deletions, 1 modification)
2025-01-10T11:05:53.775+05:30  INFO 1404 --- [todo-management-application] [restartedMain] i.v.s.web.TodoManagementApplication      : Starting TodoManagementApplication using Java 22.0.1 with PID 1404 (D:\SurajSirAdvanceJava\todo-management-application\todo-management-application\target\classes started by CHARAN TEJ in D:\SurajSirAdvanceJava\todo-management-application\todo-management-application)
2025-01-10T11:05:53.775+05:30 DEBUG 1404 --- [todo-management-application] [restartedMain] i.v.s.web.TodoManagementApplication      : Running with Spring Boot v3.3.7, Spring v6.1.16
2025-01-10T11:05:53.776+05:30  INFO 1404 --- [todo-management-application] [restartedMain] i.v.s.web.TodoManagementApplication      : No active profile set, falling back to 1 default profile: "default"
2025-01-10T11:05:54.212+05:30  INFO 1404 --- [todo-management-application] [restartedMain] o.s.b.w.embedded.tomcat.TomcatWebServer  : Tomcat initialized with port 8081 (http)
2025-01-10T11:05:54.213+05:30  INFO 1404 --- [todo-management-application] [restartedMain] o.apache.catalina.core.StandardService   : Starting service [Tomcat]
2025-01-10T11:05:54.214+05:30  INFO 1404 --- [todo-management-application] [restartedMain] o.apache.catalina.core.StandardEngine    : Starting Servlet engine: [Apache Tomcat/10.1.34]
2025-01-10T11:05:54.388+05:30  INFO 1404 --- [todo-management-application] [restartedMain] org.apache.jasper.servlet.TldScanner     : At least one JAR was scanned for TLDs yet contained no TLDs. Enable debug logging for this logger for a complete list of JARs that were scanned but no TLDs were found in them. Skipping unneeded JARs during scanning can improve startup time and JSP compilation time.
2025-01-10T11:05:54.395+05:30  INFO 1404 --- [todo-management-application] [restartedMain] o.a.c.c.C.[Tomcat].[localhost].[/]       : Initializing Spring embedded WebApplicationContext
2025-01-10T11:05:54.396+05:30  INFO 1404 --- [todo-management-application] [restartedMain] w.s.c.ServletWebServerApplicationContext : Root WebApplicationContext: initialization completed in 617 ms
2025-01-10T11:05:54.551+05:30  INFO 1404 --- [todo-management-application] [restartedMain] o.s.b.d.a.OptionalLiveReloadServer       : LiveReload server is running on port 35729
2025-01-10T11:05:54.555+05:30  INFO 1404 --- [todo-management-application] [restartedMain] o.s.b.a.e.web.EndpointLinksResolver      : Exposing 1 endpoint beneath base path '/actuator'
2025-01-10T11:05:54.575+05:30  INFO 1404 --- [todo-management-application] [restartedMain] o.s.b.w.embedded.tomcat.TomcatWebServer  : Tomcat started on port 8081 (http) with context path '/'
2025-01-10T11:05:54.581+05:30  INFO 1404 --- [todo-management-application] [restartedMain] i.v.s.web.TodoManagementApplication      : Started TodoManagementApplication in 0.838 seconds (process running for 335.38)
2025-01-10T11:05:54.585+05:30  INFO 1404 --- [todo-management-application] [restartedMain] .ConditionEvaluationDeltaLoggingListener : Condition evaluation unchanged
2025-01-10T11:06:38.886+05:30  INFO 1404 --- [todo-management-application] [File Watcher] rtingClassPathChangeChangedEventListener : Restarting due to 2 class path changes (1 addition, 0 deletions, 1 modification)
2025-01-10T11:06:38.967+05:30  INFO 1404 --- [todo-management-application] [restartedMain] i.v.s.web.TodoManagementApplication      : Starting TodoManagementApplication using Java 22.0.1 with PID 1404 (D:\SurajSirAdvanceJava\todo-management-application\todo-management-application\target\classes started by CHARAN TEJ in D:\SurajSirAdvanceJava\todo-management-application\todo-management-application)
2025-01-10T11:06:38.967+05:30 DEBUG 1404 --- [todo-management-application] [restartedMain] i.v.s.web.TodoManagementApplication      : Running with Spring Boot v3.3.7, Spring v6.1.16
2025-01-10T11:06:38.967+05:30  INFO 1404 --- [todo-management-application] [restartedMain] i.v.s.web.TodoManagementApplication      : No active profile set, falling back to 1 default profile: "default"
2025-01-10T11:06:39.329+05:30  INFO 1404 --- [todo-management-application] [restartedMain] o.s.b.w.embedded.tomcat.TomcatWebServer  : Tomcat initialized with port 8081 (http)
2025-01-10T11:06:39.330+05:30  INFO 1404 --- [todo-management-application] [restartedMain] o.apache.catalina.core.StandardService   : Starting service [Tomcat]
2025-01-10T11:06:39.330+05:30  INFO 1404 --- [todo-management-application] [restartedMain] o.apache.catalina.core.StandardEngine    : Starting Servlet engine: [Apache Tomcat/10.1.34]
2025-01-10T11:06:39.423+05:30  INFO 1404 --- [todo-management-application] [restartedMain] org.apache.jasper.servlet.TldScanner     : At least one JAR was scanned for TLDs yet contained no TLDs. Enable debug logging for this logger for a complete list of JARs that were scanned but no TLDs were found in them. Skipping unneeded JARs during scanning can improve startup time and JSP compilation time.
2025-01-10T11:06:39.431+05:30  INFO 1404 --- [todo-management-application] [restartedMain] o.a.c.c.C.[Tomcat].[localhost].[/]       : Initializing Spring embedded WebApplicationContext
2025-01-10T11:06:39.432+05:30  INFO 1404 --- [todo-management-application] [restartedMain] w.s.c.ServletWebServerApplicationContext : Root WebApplicationContext: initialization completed in 461 ms
2025-01-10T11:06:39.555+05:30  INFO 1404 --- [todo-management-application] [restartedMain] o.s.b.d.a.OptionalLiveReloadServer       : LiveReload server is running on port 35729
2025-01-10T11:06:39.559+05:30  INFO 1404 --- [todo-management-application] [restartedMain] o.s.b.a.e.web.EndpointLinksResolver      : Exposing 1 endpoint beneath base path '/actuator'
2025-01-10T11:06:39.579+05:30  INFO 1404 --- [todo-management-application] [restartedMain] o.s.b.w.embedded.tomcat.TomcatWebServer  : Tomcat started on port 8081 (http) with context path '/'
2025-01-10T11:06:39.584+05:30  INFO 1404 --- [todo-management-application] [restartedMain] i.v.s.web.TodoManagementApplication      : Started TodoManagementApplication in 0.642 seconds (process running for 380.382)
2025-01-10T11:06:39.586+05:30  INFO 1404 --- [todo-management-application] [restartedMain] .ConditionEvaluationDeltaLoggingListener : Condition evaluation unchanged
2025-01-10T11:10:35.121+05:30  INFO 1404 --- [todo-management-application] [http-nio-8081-exec-1] o.a.c.c.C.[Tomcat].[localhost].[/]       : Initializing Spring DispatcherServlet 'dispatcherServlet'
2025-01-10T11:10:35.121+05:30  INFO 1404 --- [todo-management-application] [http-nio-8081-exec-1] o.s.web.servlet.DispatcherServlet        : Initializing Servlet 'dispatcherServlet'
2025-01-10T11:10:35.125+05:30  INFO 1404 --- [todo-management-application] [http-nio-8081-exec-1] o.s.web.servlet.DispatcherServlet        : Completed initialization in 3 ms
2025-01-10T11:19:11.069+05:30  INFO 1404 --- [todo-management-application] [File Watcher] rtingClassPathChangeChangedEventListener : Restarting due to 1 class path change (0 additions, 0 deletions, 1 modification)
2025-01-10T11:19:11.167+05:30  INFO 1404 --- [todo-management-application] [restartedMain] i.v.s.web.TodoManagementApplication      : Starting TodoManagementApplication using Java 22.0.1 with PID 1404 (D:\SurajSirAdvanceJava\todo-management-application\todo-management-application\target\classes started by CHARAN TEJ in D:\SurajSirAdvanceJava\todo-management-application\todo-management-application)
2025-01-10T11:19:11.168+05:30 DEBUG 1404 --- [todo-management-application] [restartedMain] i.v.s.web.TodoManagementApplication      : Running with Spring Boot v3.3.7, Spring v6.1.16
2025-01-10T11:19:11.168+05:30  INFO 1404 --- [todo-management-application] [restartedMain] i.v.s.web.TodoManagementApplication      : No active profile set, falling back to 1 default profile: "default"
2025-01-10T11:19:11.497+05:30  INFO 1404 --- [todo-management-application] [restartedMain] o.s.b.w.embedded.tomcat.TomcatWebServer  : Tomcat initialized with port 8081 (http)
2025-01-10T11:19:11.498+05:30  INFO 1404 --- [todo-management-application] [restartedMain] o.apache.catalina.core.StandardService   : Starting service [Tomcat]
2025-01-10T11:19:11.499+05:30  INFO 1404 --- [todo-management-application] [restartedMain] o.apache.catalina.core.StandardEngine    : Starting Servlet engine: [Apache Tomcat/10.1.34]
2025-01-10T11:19:11.587+05:30  INFO 1404 --- [todo-management-application] [restartedMain] org.apache.jasper.servlet.TldScanner     : At least one JAR was scanned for TLDs yet contained no TLDs. Enable debug logging for this logger for a complete list of JARs that were scanned but no TLDs were found in them. Skipping unneeded JARs during scanning can improve startup time and JSP compilation time.
2025-01-10T11:19:11.591+05:30  INFO 1404 --- [todo-management-application] [restartedMain] o.a.c.c.C.[Tomcat].[localhost].[/]       : Initializing Spring embedded WebApplicationContext
2025-01-10T11:19:11.592+05:30  INFO 1404 --- [todo-management-application] [restartedMain] w.s.c.ServletWebServerApplicationContext : Root WebApplicationContext: initialization completed in 421 ms
2025-01-10T11:19:11.715+05:30  INFO 1404 --- [todo-management-application] [restartedMain] o.s.b.d.a.OptionalLiveReloadServer       : LiveReload server is running on port 35729
2025-01-10T11:19:11.720+05:30  INFO 1404 --- [todo-management-application] [restartedMain] o.s.b.a.e.web.EndpointLinksResolver      : Exposing 1 endpoint beneath base path '/actuator'
2025-01-10T11:19:11.742+05:30  INFO 1404 --- [todo-management-application] [restartedMain] o.s.b.w.embedded.tomcat.TomcatWebServer  : Tomcat started on port 8081 (http) with context path '/'
2025-01-10T11:19:11.746+05:30  INFO 1404 --- [todo-management-application] [restartedMain] i.v.s.web.TodoManagementApplication      : Started TodoManagementApplication in 0.603 seconds (process running for 1132.545)
2025-01-10T11:19:11.748+05:30  INFO 1404 --- [todo-management-application] [restartedMain] .ConditionEvaluationDeltaLoggingListener : Condition evaluation unchanged
2025-01-10T11:21:59.518+05:30  INFO 1404 --- [todo-management-application] [File Watcher] rtingClassPathChangeChangedEventListener : Restarting due to 1 class path change (0 additions, 0 deletions, 1 modification)
2025-01-10T11:21:59.597+05:30  INFO 1404 --- [todo-management-application] [restartedMain] i.v.s.web.TodoManagementApplication      : Starting TodoManagementApplication using Java 22.0.1 with PID 1404 (D:\SurajSirAdvanceJava\todo-management-application\todo-management-application\target\classes started by CHARAN TEJ in D:\SurajSirAdvanceJava\todo-management-application\todo-management-application)
2025-01-10T11:21:59.598+05:30 DEBUG 1404 --- [todo-management-application] [restartedMain] i.v.s.web.TodoManagementApplication      : Running with Spring Boot v3.3.7, Spring v6.1.16
2025-01-10T11:21:59.598+05:30  INFO 1404 --- [todo-management-application] [restartedMain] i.v.s.web.TodoManagementApplication      : No active profile set, falling back to 1 default profile: "default"
2025-01-10T11:21:59.903+05:30  INFO 1404 --- [todo-management-application] [restartedMain] o.s.b.w.embedded.tomcat.TomcatWebServer  : Tomcat initialized with port 8081 (http)
2025-01-10T11:21:59.904+05:30  INFO 1404 --- [todo-management-application] [restartedMain] o.apache.catalina.core.StandardService   : Starting service [Tomcat]
2025-01-10T11:21:59.905+05:30  INFO 1404 --- [todo-management-application] [restartedMain] o.apache.catalina.core.StandardEngine    : Starting Servlet engine: [Apache Tomcat/10.1.34]
2025-01-10T11:21:59.983+05:30  INFO 1404 --- [todo-management-application] [restartedMain] org.apache.jasper.servlet.TldScanner     : At least one JAR was scanned for TLDs yet contained no TLDs. Enable debug logging for this logger for a complete list of JARs that were scanned but no TLDs were found in them. Skipping unneeded JARs during scanning can improve startup time and JSP compilation time.
2025-01-10T11:21:59.988+05:30  INFO 1404 --- [todo-management-application] [restartedMain] o.a.c.c.C.[Tomcat].[localhost].[/]       : Initializing Spring embedded WebApplicationContext
2025-01-10T11:21:59.989+05:30  INFO 1404 --- [todo-management-application] [restartedMain] w.s.c.ServletWebServerApplicationContext : Root WebApplicationContext: initialization completed in 388 ms
2025-01-10T11:22:00.112+05:30  INFO 1404 --- [todo-management-application] [restartedMain] o.s.b.d.a.OptionalLiveReloadServer       : LiveReload server is running on port 35729
2025-01-10T11:22:00.115+05:30  INFO 1404 --- [todo-management-application] [restartedMain] o.s.b.a.e.web.EndpointLinksResolver      : Exposing 1 endpoint beneath base path '/actuator'
2025-01-10T11:22:00.133+05:30  INFO 1404 --- [todo-management-application] [restartedMain] o.s.b.w.embedded.tomcat.TomcatWebServer  : Tomcat started on port 8081 (http) with context path '/'
2025-01-10T11:22:00.136+05:30  INFO 1404 --- [todo-management-application] [restartedMain] i.v.s.web.TodoManagementApplication      : Started TodoManagementApplication in 0.557 seconds (process running for 1300.935)
2025-01-10T11:22:00.139+05:30  INFO 1404 --- [todo-management-application] [restartedMain] .ConditionEvaluationDeltaLoggingListener : Condition evaluation unchanged
2025-01-10T11:22:07.335+05:30  INFO 1404 --- [todo-management-application] [http-nio-8081-exec-1] o.a.c.c.C.[Tomcat].[localhost].[/]       : Initializing Spring DispatcherServlet 'dispatcherServlet'
2025-01-10T11:22:07.338+05:30  INFO 1404 --- [todo-management-application] [http-nio-8081-exec-1] o.s.web.servlet.DispatcherServlet        : Initializing Servlet 'dispatcherServlet'
2025-01-10T11:22:07.339+05:30  INFO 1404 --- [todo-management-application] [http-nio-8081-exec-1] o.s.web.servlet.DispatcherServlet        : Completed initialization in 0 ms
2025-01-10T11:23:07.790+05:30  INFO 1404 --- [todo-management-application] [File Watcher] rtingClassPathChangeChangedEventListener : Restarting due to 1 class path change (0 additions, 0 deletions, 1 modification)
2025-01-10T11:23:07.875+05:30  INFO 1404 --- [todo-management-application] [restartedMain] i.v.s.web.TodoManagementApplication      : Starting TodoManagementApplication using Java 22.0.1 with PID 1404 (D:\SurajSirAdvanceJava\todo-management-application\todo-management-application\target\classes started by CHARAN TEJ in D:\SurajSirAdvanceJava\todo-management-application\todo-management-application)
2025-01-10T11:23:07.875+05:30 DEBUG 1404 --- [todo-management-application] [restartedMain] i.v.s.web.TodoManagementApplication      : Running with Spring Boot v3.3.7, Spring v6.1.16
2025-01-10T11:23:07.875+05:30  INFO 1404 --- [todo-management-application] [restartedMain] i.v.s.web.TodoManagementApplication      : No active profile set, falling back to 1 default profile: "default"
2025-01-10T11:23:08.152+05:30  INFO 1404 --- [todo-management-application] [restartedMain] o.s.b.w.embedded.tomcat.TomcatWebServer  : Tomcat initialized with port 8081 (http)
2025-01-10T11:23:08.153+05:30  INFO 1404 --- [todo-management-application] [restartedMain] o.apache.catalina.core.StandardService   : Starting service [Tomcat]
2025-01-10T11:23:08.154+05:30  INFO 1404 --- [todo-management-application] [restartedMain] o.apache.catalina.core.StandardEngine    : Starting Servlet engine: [Apache Tomcat/10.1.34]
2025-01-10T11:23:08.220+05:30  INFO 1404 --- [todo-management-application] [restartedMain] org.apache.jasper.servlet.TldScanner     : At least one JAR was scanned for TLDs yet contained no TLDs. Enable debug logging for this logger for a complete list of JARs that were scanned but no TLDs were found in them. Skipping unneeded JARs during scanning can improve startup time and JSP compilation time.
2025-01-10T11:23:08.224+05:30  INFO 1404 --- [todo-management-application] [restartedMain] o.a.c.c.C.[Tomcat].[localhost].[/]       : Initializing Spring embedded WebApplicationContext
2025-01-10T11:23:08.224+05:30  INFO 1404 --- [todo-management-application] [restartedMain] w.s.c.ServletWebServerApplicationContext : Root WebApplicationContext: initialization completed in 346 ms
2025-01-10T11:23:08.316+05:30  INFO 1404 --- [todo-management-application] [restartedMain] o.s.b.d.a.OptionalLiveReloadServer       : LiveReload server is running on port 35729
2025-01-10T11:23:08.324+05:30  INFO 1404 --- [todo-management-application] [restartedMain] o.s.b.a.e.web.EndpointLinksResolver      : Exposing 1 endpoint beneath base path '/actuator'
2025-01-10T11:23:08.338+05:30  INFO 1404 --- [todo-management-application] [restartedMain] o.s.b.w.embedded.tomcat.TomcatWebServer  : Tomcat started on port 8081 (http) with context path '/'
2025-01-10T11:23:08.343+05:30  INFO 1404 --- [todo-management-application] [restartedMain] i.v.s.web.TodoManagementApplication      : Started TodoManagementApplication in 0.487 seconds (process running for 1369.142)
2025-01-10T11:23:08.344+05:30  INFO 1404 --- [todo-management-application] [restartedMain] .ConditionEvaluationDeltaLoggingListener : Condition evaluation unchanged
2025-01-10T11:23:14.973+05:30  INFO 1404 --- [todo-management-application] [http-nio-8081-exec-1] o.a.c.c.C.[Tomcat].[localhost].[/]       : Initializing Spring DispatcherServlet 'dispatcherServlet'
2025-01-10T11:23:14.974+05:30  INFO 1404 --- [todo-management-application] [http-nio-8081-exec-1] o.s.web.servlet.DispatcherServlet        : Initializing Servlet 'dispatcherServlet'
2025-01-10T11:23:14.975+05:30  INFO 1404 --- [todo-management-application] [http-nio-8081-exec-1] o.s.web.servlet.DispatcherServlet        : Completed initialization in 1 ms
2025-01-10T11:23:41.460+05:30  INFO 1404 --- [todo-management-application] [File Watcher] rtingClassPathChangeChangedEventListener : Restarting due to 1 class path change (0 additions, 0 deletions, 1 modification)
2025-01-10T11:23:41.546+05:30  INFO 1404 --- [todo-management-application] [restartedMain] i.v.s.web.TodoManagementApplication      : Starting TodoManagementApplication using Java 22.0.1 with PID 1404 (D:\SurajSirAdvanceJava\todo-management-application\todo-management-application\target\classes started by CHARAN TEJ in D:\SurajSirAdvanceJava\todo-management-application\todo-management-application)
2025-01-10T11:23:41.547+05:30 DEBUG 1404 --- [todo-management-application] [restartedMain] i.v.s.web.TodoManagementApplication      : Running with Spring Boot v3.3.7, Spring v6.1.16
2025-01-10T11:23:41.547+05:30  INFO 1404 --- [todo-management-application] [restartedMain] i.v.s.web.TodoManagementApplication      : No active profile set, falling back to 1 default profile: "default"
2025-01-10T11:23:41.795+05:30  INFO 1404 --- [todo-management-application] [restartedMain] o.s.b.w.embedded.tomcat.TomcatWebServer  : Tomcat initialized with port 8081 (http)
2025-01-10T11:23:41.796+05:30  INFO 1404 --- [todo-management-application] [restartedMain] o.apache.catalina.core.StandardService   : Starting service [Tomcat]
2025-01-10T11:23:41.797+05:30  INFO 1404 --- [todo-management-application] [restartedMain] o.apache.catalina.core.StandardEngine    : Starting Servlet engine: [Apache Tomcat/10.1.34]
2025-01-10T11:23:41.865+05:30  INFO 1404 --- [todo-management-application] [restartedMain] org.apache.jasper.servlet.TldScanner     : At least one JAR was scanned for TLDs yet contained no TLDs. Enable debug logging for this logger for a complete list of JARs that were scanned but no TLDs were found in them. Skipping unneeded JARs during scanning can improve startup time and JSP compilation time.
2025-01-10T11:23:41.868+05:30  INFO 1404 --- [todo-management-application] [restartedMain] o.a.c.c.C.[Tomcat].[localhost].[/]       : Initializing Spring embedded WebApplicationContext
2025-01-10T11:23:41.868+05:30  INFO 1404 --- [todo-management-application] [restartedMain] w.s.c.ServletWebServerApplicationContext : Root WebApplicationContext: initialization completed in 319 ms
2025-01-10T11:23:41.958+05:30  INFO 1404 --- [todo-management-application] [restartedMain] o.s.b.d.a.OptionalLiveReloadServer       : LiveReload server is running on port 35729
2025-01-10T11:23:41.960+05:30  INFO 1404 --- [todo-management-application] [restartedMain] o.s.b.a.e.web.EndpointLinksResolver      : Exposing 1 endpoint beneath base path '/actuator'
2025-01-10T11:23:41.975+05:30  INFO 1404 --- [todo-management-application] [restartedMain] o.s.b.w.embedded.tomcat.TomcatWebServer  : Tomcat started on port 8081 (http) with context path '/'
2025-01-10T11:23:41.978+05:30  INFO 1404 --- [todo-management-application] [restartedMain] i.v.s.web.TodoManagementApplication      : Started TodoManagementApplication in 0.45 seconds (process running for 1402.777)
2025-01-10T11:23:41.981+05:30  INFO 1404 --- [todo-management-application] [restartedMain] .ConditionEvaluationDeltaLoggingListener : Condition evaluation unchanged
2025-01-10T11:23:49.236+05:30  INFO 1404 --- [todo-management-application] [http-nio-8081-exec-1] o.a.c.c.C.[Tomcat].[localhost].[/]       : Initializing Spring DispatcherServlet 'dispatcherServlet'
2025-01-10T11:23:49.236+05:30  INFO 1404 --- [todo-management-application] [http-nio-8081-exec-1] o.s.web.servlet.DispatcherServlet        : Initializing Servlet 'dispatcherServlet'
2025-01-10T11:23:49.238+05:30  INFO 1404 --- [todo-management-application] [http-nio-8081-exec-1] o.s.web.servlet.DispatcherServlet        : Completed initialization in 2 ms
2025-01-10T11:26:19.627+05:30  INFO 1404 --- [todo-management-application] [File Watcher] rtingClassPathChangeChangedEventListener : Restarting due to 1 class path change (0 additions, 0 deletions, 1 modification)
2025-01-10T11:26:19.730+05:30  INFO 1404 --- [todo-management-application] [restartedMain] i.v.s.web.TodoManagementApplication      : Starting TodoManagementApplication using Java 22.0.1 with PID 1404 (D:\SurajSirAdvanceJava\todo-management-application\todo-management-application\target\classes started by CHARAN TEJ in D:\SurajSirAdvanceJava\todo-management-application\todo-management-application)
2025-01-10T11:26:19.731+05:30 DEBUG 1404 --- [todo-management-application] [restartedMain] i.v.s.web.TodoManagementApplication      : Running with Spring Boot v3.3.7, Spring v6.1.16
2025-01-10T11:26:19.731+05:30  INFO 1404 --- [todo-management-application] [restartedMain] i.v.s.web.TodoManagementApplication      : No active profile set, falling back to 1 default profile: "default"
2025-01-10T11:26:20.034+05:30  INFO 1404 --- [todo-management-application] [restartedMain] o.s.b.w.embedded.tomcat.TomcatWebServer  : Tomcat initialized with port 8081 (http)
2025-01-10T11:26:20.036+05:30  INFO 1404 --- [todo-management-application] [restartedMain] o.apache.catalina.core.StandardService   : Starting service [Tomcat]
2025-01-10T11:26:20.036+05:30  INFO 1404 --- [todo-management-application] [restartedMain] o.apache.catalina.core.StandardEngine    : Starting Servlet engine: [Apache Tomcat/10.1.34]
2025-01-10T11:26:20.100+05:30  INFO 1404 --- [todo-management-application] [restartedMain] org.apache.jasper.servlet.TldScanner     : At least one JAR was scanned for TLDs yet contained no TLDs. Enable debug logging for this logger for a complete list of JARs that were scanned but no TLDs were found in them. Skipping unneeded JARs during scanning can improve startup time and JSP compilation time.
2025-01-10T11:26:20.105+05:30  INFO 1404 --- [todo-management-application] [restartedMain] o.a.c.c.C.[Tomcat].[localhost].[/]       : Initializing Spring embedded WebApplicationContext
2025-01-10T11:26:20.105+05:30  INFO 1404 --- [todo-management-application] [restartedMain] w.s.c.ServletWebServerApplicationContext : Root WebApplicationContext: initialization completed in 373 ms
2025-01-10T11:26:20.200+05:30  INFO 1404 --- [todo-management-application] [restartedMain] o.s.b.d.a.OptionalLiveReloadServer       : LiveReload server is running on port 35729
2025-01-10T11:26:20.203+05:30  INFO 1404 --- [todo-management-application] [restartedMain] o.s.b.a.e.web.EndpointLinksResolver      : Exposing 1 endpoint beneath base path '/actuator'
2025-01-10T11:26:20.236+05:30  INFO 1404 --- [todo-management-application] [restartedMain] o.s.b.w.embedded.tomcat.TomcatWebServer  : Tomcat started on port 8081 (http) with context path '/'
2025-01-10T11:26:20.239+05:30  INFO 1404 --- [todo-management-application] [restartedMain] i.v.s.web.TodoManagementApplication      : Started TodoManagementApplication in 0.525 seconds (process running for 1561.038)
2025-01-10T11:26:20.242+05:30  INFO 1404 --- [todo-management-application] [restartedMain] .ConditionEvaluationDeltaLoggingListener : Condition evaluation unchanged
2025-01-10T11:26:24.315+05:30  INFO 1404 --- [todo-management-application] [http-nio-8081-exec-5] o.a.c.c.C.[Tomcat].[localhost].[/]       : Initializing Spring DispatcherServlet 'dispatcherServlet'
2025-01-10T11:26:24.315+05:30  INFO 1404 --- [todo-management-application] [http-nio-8081-exec-5] o.s.web.servlet.DispatcherServlet        : Initializing Servlet 'dispatcherServlet'
2025-01-10T11:26:24.316+05:30  INFO 1404 --- [todo-management-application] [http-nio-8081-exec-5] o.s.web.servlet.DispatcherServlet        : Completed initialization in 1 ms
2025-01-10T11:27:03.482+05:30  INFO 1404 --- [todo-management-application] [File Watcher] rtingClassPathChangeChangedEventListener : Restarting due to 1 class path change (0 additions, 0 deletions, 1 modification)
2025-01-10T11:27:03.578+05:30  INFO 1404 --- [todo-management-application] [restartedMain] i.v.s.web.TodoManagementApplication      : Starting TodoManagementApplication using Java 22.0.1 with PID 1404 (D:\SurajSirAdvanceJava\todo-management-application\todo-management-application\target\classes started by CHARAN TEJ in D:\SurajSirAdvanceJava\todo-management-application\todo-management-application)
2025-01-10T11:27:03.578+05:30 DEBUG 1404 --- [todo-management-application] [restartedMain] i.v.s.web.TodoManagementApplication      : Running with Spring Boot v3.3.7, Spring v6.1.16
2025-01-10T11:27:03.579+05:30  INFO 1404 --- [todo-management-application] [restartedMain] i.v.s.web.TodoManagementApplication      : No active profile set, falling back to 1 default profile: "default"
2025-01-10T11:27:03.824+05:30  INFO 1404 --- [todo-management-application] [restartedMain] o.s.b.w.embedded.tomcat.TomcatWebServer  : Tomcat initialized with port 8081 (http)
2025-01-10T11:27:03.825+05:30  INFO 1404 --- [todo-management-application] [restartedMain] o.apache.catalina.core.StandardService   : Starting service [Tomcat]
2025-01-10T11:27:03.826+05:30  INFO 1404 --- [todo-management-application] [restartedMain] o.apache.catalina.core.StandardEngine    : Starting Servlet engine: [Apache Tomcat/10.1.34]
2025-01-10T11:27:03.904+05:30  INFO 1404 --- [todo-management-application] [restartedMain] org.apache.jasper.servlet.TldScanner     : At least one JAR was scanned for TLDs yet contained no TLDs. Enable debug logging for this logger for a complete list of JARs that were scanned but no TLDs were found in them. Skipping unneeded JARs during scanning can improve startup time and JSP compilation time.
2025-01-10T11:27:03.907+05:30  INFO 1404 --- [todo-management-application] [restartedMain] o.a.c.c.C.[Tomcat].[localhost].[/]       : Initializing Spring embedded WebApplicationContext
2025-01-10T11:27:03.908+05:30  INFO 1404 --- [todo-management-application] [restartedMain] w.s.c.ServletWebServerApplicationContext : Root WebApplicationContext: initialization completed in 327 ms
2025-01-10T11:27:03.987+05:30  INFO 1404 --- [todo-management-application] [restartedMain] o.s.b.d.a.OptionalLiveReloadServer       : LiveReload server is running on port 35729
2025-01-10T11:27:03.988+05:30  INFO 1404 --- [todo-management-application] [restartedMain] o.s.b.a.e.web.EndpointLinksResolver      : Exposing 1 endpoint beneath base path '/actuator'
2025-01-10T11:27:04.004+05:30  INFO 1404 --- [todo-management-application] [restartedMain] o.s.b.w.embedded.tomcat.TomcatWebServer  : Tomcat started on port 8081 (http) with context path '/'
2025-01-10T11:27:04.009+05:30  INFO 1404 --- [todo-management-application] [restartedMain] i.v.s.web.TodoManagementApplication      : Started TodoManagementApplication in 0.447 seconds (process running for 1604.808)
2025-01-10T11:27:04.011+05:30  INFO 1404 --- [todo-management-application] [restartedMain] .ConditionEvaluationDeltaLoggingListener : Condition evaluation unchanged
2025-01-10T11:27:08.726+05:30  INFO 1404 --- [todo-management-application] [http-nio-8081-exec-1] o.a.c.c.C.[Tomcat].[localhost].[/]       : Initializing Spring DispatcherServlet 'dispatcherServlet'
2025-01-10T11:27:08.727+05:30  INFO 1404 --- [todo-management-application] [http-nio-8081-exec-1] o.s.web.servlet.DispatcherServlet        : Initializing Servlet 'dispatcherServlet'
2025-01-10T11:27:08.728+05:30  INFO 1404 --- [todo-management-application] [http-nio-8081-exec-1] o.s.web.servlet.DispatcherServlet        : Completed initialization in 1 ms
2025-01-10T11:38:13.291+05:30  INFO 1404 --- [todo-management-application] [File Watcher] rtingClassPathChangeChangedEventListener : Restarting due to 1 class path change (0 additions, 0 deletions, 1 modification)
2025-01-10T11:38:13.392+05:30  INFO 1404 --- [todo-management-application] [restartedMain] i.v.s.web.TodoManagementApplication      : Starting TodoManagementApplication using Java 22.0.1 with PID 1404 (D:\SurajSirAdvanceJava\todo-management-application\todo-management-application\target\classes started by CHARAN TEJ in D:\SurajSirAdvanceJava\todo-management-application\todo-management-application)
2025-01-10T11:38:13.393+05:30 DEBUG 1404 --- [todo-management-application] [restartedMain] i.v.s.web.TodoManagementApplication      : Running with Spring Boot v3.3.7, Spring v6.1.16
2025-01-10T11:38:13.393+05:30  INFO 1404 --- [todo-management-application] [restartedMain] i.v.s.web.TodoManagementApplication      : No active profile set, falling back to 1 default profile: "default"
2025-01-10T11:38:13.620+05:30  INFO 1404 --- [todo-management-application] [restartedMain] o.s.b.w.embedded.tomcat.TomcatWebServer  : Tomcat initialized with port 8081 (http)
2025-01-10T11:38:13.621+05:30  INFO 1404 --- [todo-management-application] [restartedMain] o.apache.catalina.core.StandardService   : Starting service [Tomcat]
2025-01-10T11:38:13.622+05:30  INFO 1404 --- [todo-management-application] [restartedMain] o.apache.catalina.core.StandardEngine    : Starting Servlet engine: [Apache Tomcat/10.1.34]
2025-01-10T11:38:13.696+05:30  INFO 1404 --- [todo-management-application] [restartedMain] org.apache.jasper.servlet.TldScanner     : At least one JAR was scanned for TLDs yet contained no TLDs. Enable debug logging for this logger for a complete list of JARs that were scanned but no TLDs were found in them. Skipping unneeded JARs during scanning can improve startup time and JSP compilation time.
2025-01-10T11:38:13.701+05:30  INFO 1404 --- [todo-management-application] [restartedMain] o.a.c.c.C.[Tomcat].[localhost].[/]       : Initializing Spring embedded WebApplicationContext
2025-01-10T11:38:13.701+05:30  INFO 1404 --- [todo-management-application] [restartedMain] w.s.c.ServletWebServerApplicationContext : Root WebApplicationContext: initialization completed in 305 ms
2025-01-10T11:38:13.796+05:30  INFO 1404 --- [todo-management-application] [restartedMain] o.s.b.d.a.OptionalLiveReloadServer       : LiveReload server is running on port 35729
2025-01-10T11:38:13.799+05:30  INFO 1404 --- [todo-management-application] [restartedMain] o.s.b.a.e.web.EndpointLinksResolver      : Exposing 1 endpoint beneath base path '/actuator'
2025-01-10T11:38:13.815+05:30  INFO 1404 --- [todo-management-application] [restartedMain] o.s.b.w.embedded.tomcat.TomcatWebServer  : Tomcat started on port 8081 (http) with context path '/'
2025-01-10T11:38:13.819+05:30  INFO 1404 --- [todo-management-application] [restartedMain] i.v.s.web.TodoManagementApplication      : Started TodoManagementApplication in 0.443 seconds (process running for 2274.618)
2025-01-10T11:38:13.821+05:30  INFO 1404 --- [todo-management-application] [restartedMain] .ConditionEvaluationDeltaLoggingListener : Condition evaluation unchanged
2025-01-10T11:44:31.320+05:30  INFO 1404 --- [todo-management-application] [File Watcher] rtingClassPathChangeChangedEventListener : Restarting due to 1 class path change (0 additions, 0 deletions, 1 modification)
2025-01-10T11:44:31.426+05:30  INFO 1404 --- [todo-management-application] [restartedMain] i.v.s.web.TodoManagementApplication      : Starting TodoManagementApplication using Java 22.0.1 with PID 1404 (D:\SurajSirAdvanceJava\todo-management-application\todo-management-application\target\classes started by CHARAN TEJ in D:\SurajSirAdvanceJava\todo-management-application\todo-management-application)
2025-01-10T11:44:31.427+05:30 DEBUG 1404 --- [todo-management-application] [restartedMain] i.v.s.web.TodoManagementApplication      : Running with Spring Boot v3.3.7, Spring v6.1.16
2025-01-10T11:44:31.427+05:30  INFO 1404 --- [todo-management-application] [restartedMain] i.v.s.web.TodoManagementApplication      : No active profile set, falling back to 1 default profile: "default"
2025-01-10T11:44:31.628+05:30  INFO 1404 --- [todo-management-application] [restartedMain] o.s.b.w.embedded.tomcat.TomcatWebServer  : Tomcat initialized with port 8081 (http)
2025-01-10T11:44:31.629+05:30  INFO 1404 --- [todo-management-application] [restartedMain] o.apache.catalina.core.StandardService   : Starting service [Tomcat]
2025-01-10T11:44:31.630+05:30  INFO 1404 --- [todo-management-application] [restartedMain] o.apache.catalina.core.StandardEngine    : Starting Servlet engine: [Apache Tomcat/10.1.34]
2025-01-10T11:44:31.727+05:30  INFO 1404 --- [todo-management-application] [restartedMain] org.apache.jasper.servlet.TldScanner     : At least one JAR was scanned for TLDs yet contained no TLDs. Enable debug logging for this logger for a complete list of JARs that were scanned but no TLDs were found in them. Skipping unneeded JARs during scanning can improve startup time and JSP compilation time.
2025-01-10T11:44:31.735+05:30  INFO 1404 --- [todo-management-application] [restartedMain] o.a.c.c.C.[Tomcat].[localhost].[/]       : Initializing Spring embedded WebApplicationContext
2025-01-10T11:44:31.735+05:30  INFO 1404 --- [todo-management-application] [restartedMain] w.s.c.ServletWebServerApplicationContext : Root WebApplicationContext: initialization completed in 306 ms
2025-01-10T11:44:31.841+05:30  INFO 1404 --- [todo-management-application] [restartedMain] o.s.b.d.a.OptionalLiveReloadServer       : LiveReload server is running on port 35729
2025-01-10T11:44:31.843+05:30  INFO 1404 --- [todo-management-application] [restartedMain] o.s.b.a.e.web.EndpointLinksResolver      : Exposing 1 endpoint beneath base path '/actuator'
2025-01-10T11:44:31.860+05:30  INFO 1404 --- [todo-management-application] [restartedMain] o.s.b.w.embedded.tomcat.TomcatWebServer  : Tomcat started on port 8081 (http) with context path '/'
2025-01-10T11:44:31.865+05:30  INFO 1404 --- [todo-management-application] [restartedMain] i.v.s.web.TodoManagementApplication      : Started TodoManagementApplication in 0.459 seconds (process running for 2652.663)
2025-01-10T11:44:31.867+05:30  INFO 1404 --- [todo-management-application] [restartedMain] .ConditionEvaluationDeltaLoggingListener : Condition evaluation unchanged
2025-01-10T11:44:39.414+05:30  INFO 1404 --- [todo-management-application] [http-nio-8081-exec-1] o.a.c.c.C.[Tomcat].[localhost].[/]       : Initializing Spring DispatcherServlet 'dispatcherServlet'
2025-01-10T11:44:39.417+05:30  INFO 1404 --- [todo-management-application] [http-nio-8081-exec-1] o.s.web.servlet.DispatcherServlet        : Initializing Servlet 'dispatcherServlet'
2025-01-10T11:44:39.420+05:30  INFO 1404 --- [todo-management-application] [http-nio-8081-exec-1] o.s.web.servlet.DispatcherServlet        : Completed initialization in 3 ms
2025-01-10T11:46:13.437+05:30  INFO 1404 --- [todo-management-application] [File Watcher] rtingClassPathChangeChangedEventListener : Restarting due to 1 class path change (0 additions, 0 deletions, 1 modification)
2025-01-10T11:46:13.524+05:30  INFO 1404 --- [todo-management-application] [restartedMain] i.v.s.web.TodoManagementApplication      : Starting TodoManagementApplication using Java 22.0.1 with PID 1404 (D:\SurajSirAdvanceJava\todo-management-application\todo-management-application\target\classes started by CHARAN TEJ in D:\SurajSirAdvanceJava\todo-management-application\todo-management-application)
2025-01-10T11:46:13.524+05:30 DEBUG 1404 --- [todo-management-application] [restartedMain] i.v.s.web.TodoManagementApplication      : Running with Spring Boot v3.3.7, Spring v6.1.16
2025-01-10T11:46:13.524+05:30  INFO 1404 --- [todo-management-application] [restartedMain] i.v.s.web.TodoManagementApplication      : No active profile set, falling back to 1 default profile: "default"
2025-01-10T11:46:13.720+05:30  INFO 1404 --- [todo-management-application] [restartedMain] o.s.b.w.embedded.tomcat.TomcatWebServer  : Tomcat initialized with port 8081 (http)
2025-01-10T11:46:13.721+05:30  INFO 1404 --- [todo-management-application] [restartedMain] o.apache.catalina.core.StandardService   : Starting service [Tomcat]
2025-01-10T11:46:13.721+05:30  INFO 1404 --- [todo-management-application] [restartedMain] o.apache.catalina.core.StandardEngine    : Starting Servlet engine: [Apache Tomcat/10.1.34]
2025-01-10T11:46:13.775+05:30  INFO 1404 --- [todo-management-application] [restartedMain] org.apache.jasper.servlet.TldScanner     : At least one JAR was scanned for TLDs yet contained no TLDs. Enable debug logging for this logger for a complete list of JARs that were scanned but no TLDs were found in them. Skipping unneeded JARs during scanning can improve startup time and JSP compilation time.
2025-01-10T11:46:13.779+05:30  INFO 1404 --- [todo-management-application] [restartedMain] o.a.c.c.C.[Tomcat].[localhost].[/]       : Initializing Spring embedded WebApplicationContext
2025-01-10T11:46:13.780+05:30  INFO 1404 --- [todo-management-application] [restartedMain] w.s.c.ServletWebServerApplicationContext : Root WebApplicationContext: initialization completed in 254 ms
2025-01-10T11:46:13.858+05:30  INFO 1404 --- [todo-management-application] [restartedMain] o.s.b.d.a.OptionalLiveReloadServer       : LiveReload server is running on port 35729
2025-01-10T11:46:13.860+05:30  INFO 1404 --- [todo-management-application] [restartedMain] o.s.b.a.e.web.EndpointLinksResolver      : Exposing 1 endpoint beneath base path '/actuator'
2025-01-10T11:46:13.873+05:30  INFO 1404 --- [todo-management-application] [restartedMain] o.s.b.w.embedded.tomcat.TomcatWebServer  : Tomcat started on port 8081 (http) with context path '/'
2025-01-10T11:46:13.877+05:30  INFO 1404 --- [todo-management-application] [restartedMain] i.v.s.web.TodoManagementApplication      : Started TodoManagementApplication in 0.372 seconds (process running for 2754.676)
2025-01-10T11:46:13.878+05:30  INFO 1404 --- [todo-management-application] [restartedMain] .ConditionEvaluationDeltaLoggingListener : Condition evaluation unchanged
2025-01-10T11:49:33.613+05:30  INFO 1404 --- [todo-management-application] [File Watcher] rtingClassPathChangeChangedEventListener : Restarting due to 1 class path change (0 additions, 0 deletions, 1 modification)
2025-01-10T11:49:33.695+05:30  INFO 1404 --- [todo-management-application] [restartedMain] i.v.s.web.TodoManagementApplication      : Starting TodoManagementApplication using Java 22.0.1 with PID 1404 (D:\SurajSirAdvanceJava\todo-management-application\todo-management-application\target\classes started by CHARAN TEJ in D:\SurajSirAdvanceJava\todo-management-application\todo-management-application)
2025-01-10T11:49:33.695+05:30 DEBUG 1404 --- [todo-management-application] [restartedMain] i.v.s.web.TodoManagementApplication      : Running with Spring Boot v3.3.7, Spring v6.1.16
2025-01-10T11:49:33.696+05:30  INFO 1404 --- [todo-management-application] [restartedMain] i.v.s.web.TodoManagementApplication      : No active profile set, falling back to 1 default profile: "default"
2025-01-10T11:49:33.873+05:30  INFO 1404 --- [todo-management-application] [restartedMain] o.s.b.w.embedded.tomcat.TomcatWebServer  : Tomcat initialized with port 8081 (http)
2025-01-10T11:49:33.874+05:30  INFO 1404 --- [todo-management-application] [restartedMain] o.apache.catalina.core.StandardService   : Starting service [Tomcat]
2025-01-10T11:49:33.874+05:30  INFO 1404 --- [todo-management-application] [restartedMain] o.apache.catalina.core.StandardEngine    : Starting Servlet engine: [Apache Tomcat/10.1.34]
2025-01-10T11:49:33.933+05:30  INFO 1404 --- [todo-management-application] [restartedMain] org.apache.jasper.servlet.TldScanner     : At least one JAR was scanned for TLDs yet contained no TLDs. Enable debug logging for this logger for a complete list of JARs that were scanned but no TLDs were found in them. Skipping unneeded JARs during scanning can improve startup time and JSP compilation time.
2025-01-10T11:49:33.939+05:30  INFO 1404 --- [todo-management-application] [restartedMain] o.a.c.c.C.[Tomcat].[localhost].[/]       : Initializing Spring embedded WebApplicationContext
2025-01-10T11:49:33.940+05:30  INFO 1404 --- [todo-management-application] [restartedMain] w.s.c.ServletWebServerApplicationContext : Root WebApplicationContext: initialization completed in 242 ms
2025-01-10T11:49:34.040+05:30  INFO 1404 --- [todo-management-application] [restartedMain] o.s.b.d.a.OptionalLiveReloadServer       : LiveReload server is running on port 35729
2025-01-10T11:49:34.042+05:30  INFO 1404 --- [todo-management-application] [restartedMain] o.s.b.a.e.web.EndpointLinksResolver      : Exposing 1 endpoint beneath base path '/actuator'
2025-01-10T11:49:34.056+05:30  INFO 1404 --- [todo-management-application] [restartedMain] o.s.b.w.embedded.tomcat.TomcatWebServer  : Tomcat started on port 8081 (http) with context path '/'
2025-01-10T11:49:34.060+05:30  INFO 1404 --- [todo-management-application] [restartedMain] i.v.s.web.TodoManagementApplication      : Started TodoManagementApplication in 0.38 seconds (process running for 2954.86)
2025-01-10T11:49:34.062+05:30  INFO 1404 --- [todo-management-application] [restartedMain] .ConditionEvaluationDeltaLoggingListener : Condition evaluation unchanged
2025-01-10T11:49:39.076+05:30  INFO 1404 --- [todo-management-application] [http-nio-8081-exec-1] o.a.c.c.C.[Tomcat].[localhost].[/]       : Initializing Spring DispatcherServlet 'dispatcherServlet'
2025-01-10T11:49:39.076+05:30  INFO 1404 --- [todo-management-application] [http-nio-8081-exec-1] o.s.web.servlet.DispatcherServlet        : Initializing Servlet 'dispatcherServlet'
2025-01-10T11:49:39.078+05:30  INFO 1404 --- [todo-management-application] [http-nio-8081-exec-1] o.s.web.servlet.DispatcherServlet        : Completed initialization in 2 ms
2025-01-10T11:56:02.326+05:30  INFO 16572 --- [todo-management-application] [restartedMain] i.v.s.web.TodoManagementApplication      : Starting TodoManagementApplication using Java 22.0.1 with PID 16572 (D:\SurajSirAdvanceJava\todo-management-application\todo-management-application\target\classes started by CHARAN TEJ in D:\SurajSirAdvanceJava\todo-management-application\todo-management-application)
2025-01-10T11:56:02.329+05:30 DEBUG 16572 --- [todo-management-application] [restartedMain] i.v.s.web.TodoManagementApplication      : Running with Spring Boot v3.3.7, Spring v6.1.16
2025-01-10T11:56:02.330+05:30  INFO 16572 --- [todo-management-application] [restartedMain] i.v.s.web.TodoManagementApplication      : No active profile set, falling back to 1 default profile: "default"
2025-01-10T11:56:02.407+05:30  INFO 16572 --- [todo-management-application] [restartedMain] .e.DevToolsPropertyDefaultsPostProcessor : Devtools property defaults active! Set 'spring.devtools.add-properties' to 'false' to disable
2025-01-10T11:56:02.407+05:30  INFO 16572 --- [todo-management-application] [restartedMain] .e.DevToolsPropertyDefaultsPostProcessor : For additional web related logging consider setting the 'logging.level.web' property to 'DEBUG'
2025-01-10T11:56:04.019+05:30  INFO 16572 --- [todo-management-application] [restartedMain] o.s.b.w.embedded.tomcat.TomcatWebServer  : Tomcat initialized with port 8081 (http)
2025-01-10T11:56:04.045+05:30  INFO 16572 --- [todo-management-application] [restartedMain] o.apache.catalina.core.StandardService   : Starting service [Tomcat]
2025-01-10T11:56:04.045+05:30  INFO 16572 --- [todo-management-application] [restartedMain] o.apache.catalina.core.StandardEngine    : Starting Servlet engine: [Apache Tomcat/10.1.34]
2025-01-10T11:56:04.358+05:30  INFO 16572 --- [todo-management-application] [restartedMain] org.apache.jasper.servlet.TldScanner     : At least one JAR was scanned for TLDs yet contained no TLDs. Enable debug logging for this logger for a complete list of JARs that were scanned but no TLDs were found in them. Skipping unneeded JARs during scanning can improve startup time and JSP compilation time.
2025-01-10T11:56:04.372+05:30  INFO 16572 --- [todo-management-application] [restartedMain] o.a.c.c.C.[Tomcat].[localhost].[/]       : Initializing Spring embedded WebApplicationContext
2025-01-10T11:56:04.372+05:30  INFO 16572 --- [todo-management-application] [restartedMain] w.s.c.ServletWebServerApplicationContext : Root WebApplicationContext: initialization completed in 1964 ms
2025-01-10T11:56:05.070+05:30  INFO 16572 --- [todo-management-application] [restartedMain] o.s.b.d.a.OptionalLiveReloadServer       : LiveReload server is running on port 35729
2025-01-10T11:56:05.087+05:30  INFO 16572 --- [todo-management-application] [restartedMain] o.s.b.a.e.web.EndpointLinksResolver      : Exposing 1 endpoint beneath base path '/actuator'
2025-01-10T11:56:05.207+05:30  INFO 16572 --- [todo-management-application] [restartedMain] o.s.b.w.embedded.tomcat.TomcatWebServer  : Tomcat started on port 8081 (http) with context path '/'
2025-01-10T11:56:05.233+05:30  INFO 16572 --- [todo-management-application] [restartedMain] i.v.s.web.TodoManagementApplication      : Started TodoManagementApplication in 3.503 seconds (process running for 4.045)
2025-01-10T11:56:14.306+05:30  INFO 16572 --- [todo-management-application] [http-nio-8081-exec-1] o.a.c.c.C.[Tomcat].[localhost].[/]       : Initializing Spring DispatcherServlet 'dispatcherServlet'
2025-01-10T11:56:14.306+05:30  INFO 16572 --- [todo-management-application] [http-nio-8081-exec-1] o.s.web.servlet.DispatcherServlet        : Initializing Servlet 'dispatcherServlet'
2025-01-10T11:56:14.311+05:30  INFO 16572 --- [todo-management-application] [http-nio-8081-exec-1] o.s.web.servlet.DispatcherServlet        : Completed initialization in 5 ms
2025-01-10T18:04:50.446+05:30  WARN 16572 --- [todo-management-application] [http-nio-8081-exec-3] .w.s.m.s.DefaultHandlerExceptionResolver : Resolved [org.springframework.web.context.request.async.AsyncRequestNotUsableException: ServletOutputStream failed to flush: java.io.IOException: An established connection was aborted by the software in your host machine]
2025-01-10T18:04:50.449+05:30  WARN 16572 --- [todo-management-application] [http-nio-8081-exec-2] .w.s.m.s.DefaultHandlerExceptionResolver : Resolved [org.springframework.web.context.request.async.AsyncRequestNotUsableException: ServletOutputStream failed to flush: java.io.IOException: An established connection was aborted by the software in your host machine]
